{
  "numFailedTestSuites": 0,
  "numFailedTests": 0,
  "numPassedTestSuites": 2,
  "numPassedTests": 2,
  "numPendingTestSuites": 0,
  "numPendingTests": 0,
  "numRuntimeErrorTestSuites": 0,
  "numTodoTests": 0,
  "numTotalTestSuites": 2,
  "numTotalTests": 2,
  "openHandles": [],
  "snapshot": {
    "added": 0,
    "didUpdate": false,
    "failure": false,
    "filesAdded": 0,
    "filesRemoved": 0,
    "filesUnmatched": 0,
    "filesUpdated": 0,
    "matched": 0,
    "total": 0,
    "unchecked": 0,
    "uncheckedKeysByFile": [],
    "unmatched": 0,
    "updated": 0
  },
  "startTime": 1563564526441,
  "success": false,
  "testResults": [
    {
      "failureMessage": null,
      "numFailingTests": 0,
      "numPassingTests": 1,
      "numPendingTests": 0,
      "numTodoTests": 0,
      "perfStats": {
        "end": 1563564527556,
        "start": 1563564526786
      },
      "snapshot": {
        "added": 0,
        "fileDeleted": false,
        "matched": 0,
        "unchecked": 0,
        "unmatched": 0,
        "updated": 0,
        "uncheckedKeys": []
      },
      "testFilePath": "/home/nodejs/app/routes/exercise/users.test.js",
      "testResults": [
        {
          "ancestorTitles": [],
          "duration": 7,
          "failureMessages": [],
          "fullName": "two plus two is four",
          "location": null,
          "numPassingAsserts": 0,
          "status": "passed",
          "title": "two plus two is four"
        }
      ],
      "skipped": false,
      "leaks": false
    },
    {
      "failureMessage": null,
      "numFailingTests": 0,
      "numPassingTests": 1,
      "numPendingTests": 0,
      "numTodoTests": 0,
      "perfStats": {
        "end": 1563564527580,
        "start": 1563564526794
      },
      "snapshot": {
        "added": 0,
        "fileDeleted": false,
        "matched": 0,
        "unchecked": 0,
        "unmatched": 0,
        "updated": 0,
        "uncheckedKeys": []
      },
      "testFilePath": "/home/nodejs/app/routes/solution/users.test.js",
      "testResults": [
        {
          "ancestorTitles": [],
          "duration": 8,
          "failureMessages": [],
          "fullName": "two plus two is four",
          "location": null,
          "numPassingAsserts": 0,
          "status": "passed",
          "title": "two plus two is four"
        }
      ],
      "skipped": false,
      "leaks": false
    }
  ],
  "wasInterrupted": false
}