{
  "numFailedTestSuites": 0,
  "numFailedTests": 0,
  "numPassedTestSuites": 2,
  "numPassedTests": 4,
  "numPendingTestSuites": 0,
  "numPendingTests": 0,
  "numRuntimeErrorTestSuites": 0,
  "numTodoTests": 0,
  "numTotalTestSuites": 2,
  "numTotalTests": 4,
  "openHandles": [],
  "snapshot": {
    "added": 0,
    "didUpdate": false,
    "failure": false,
    "filesAdded": 0,
    "filesRemoved": 0,
    "filesUnmatched": 0,
    "filesUpdated": 0,
    "matched": 0,
    "total": 0,
    "unchecked": 0,
    "uncheckedKeysByFile": [],
    "unmatched": 0,
    "updated": 0
  },
  "startTime": 1563569827202,
  "success": false,
  "testResults": [
    {
      "failureMessage": null,
      "numFailingTests": 0,
      "numPassingTests": 2,
      "numPendingTests": 0,
      "numTodoTests": 0,
      "perfStats": {
        "end": 1563569829536,
        "start": 1563569827600
      },
      "snapshot": {
        "added": 0,
        "fileDeleted": false,
        "matched": 0,
        "unchecked": 0,
        "unmatched": 0,
        "updated": 0,
        "uncheckedKeys": []
      },
      "testFilePath": "/home/nodejs/app/routes/solution/users.test.js",
      "testResults": [
        {
          "ancestorTitles": [],
          "duration": 5,
          "failureMessages": [],
          "fullName": "two plus two is four",
          "location": null,
          "numPassingAsserts": 0,
          "status": "passed",
          "title": "two plus two is four"
        },
        {
          "ancestorTitles": [
            "POST /users/subscribe"
          ],
          "duration": 97,
          "failureMessages": [],
          "fullName": "POST /users/subscribe should return a 200 status code",
          "location": null,
          "numPassingAsserts": 0,
          "status": "passed",
          "title": "should return a 200 status code"
        }
      ],
      "skipped": false,
      "leaks": false
    },
    {
      "failureMessage": null,
      "numFailingTests": 0,
      "numPassingTests": 2,
      "numPendingTests": 0,
      "numTodoTests": 0,
      "perfStats": {
        "end": 1563569829756,
        "start": 1563569827579
      },
      "snapshot": {
        "added": 0,
        "fileDeleted": false,
        "matched": 0,
        "unchecked": 0,
        "unmatched": 0,
        "updated": 0,
        "uncheckedKeys": []
      },
      "testFilePath": "/home/nodejs/app/routes/exercise/users.test.js",
      "testResults": [
        {
          "ancestorTitles": [],
          "duration": 5,
          "failureMessages": [],
          "fullName": "two plus two is four",
          "location": null,
          "numPassingAsserts": 0,
          "status": "passed",
          "title": "two plus two is four"
        },
        {
          "ancestorTitles": [
            "POST /users/subscribe"
          ],
          "duration": 102,
          "failureMessages": [],
          "fullName": "POST /users/subscribe should return a 200 status code",
          "location": null,
          "numPassingAsserts": 0,
          "status": "passed",
          "title": "should return a 200 status code"
        }
      ],
      "skipped": false,
      "leaks": false
    }
  ],
  "wasInterrupted": false,
  "coverageMap": {
    "/home/nodejs/app/app.js": {
      "path": "/home/nodejs/app/app.js",
      "statementMap": {
        "0": {
          "start": {
            "line": 1,
            "column": 13
          },
          "end": {
            "line": 1,
            "column": 28
          }
        },
        "1": {
          "start": {
            "line": 2,
            "column": 0
          },
          "end": {
            "line": 2,
            "column": 70
          }
        },
        "2": {
          "start": {
            "line": 3,
            "column": 18
          },
          "end": {
            "line": 3,
            "column": 40
          }
        },
        "3": {
          "start": {
            "line": 4,
            "column": 14
          },
          "end": {
            "line": 4,
            "column": 32
          }
        },
        "4": {
          "start": {
            "line": 5,
            "column": 19
          },
          "end": {
            "line": 5,
            "column": 43
          }
        },
        "5": {
          "start": {
            "line": 6,
            "column": 13
          },
          "end": {
            "line": 6,
            "column": 30
          }
        },
        "6": {
          "start": {
            "line": 8,
            "column": 18
          },
          "end": {
            "line": 8,
            "column": 43
          }
        },
        "7": {
          "start": {
            "line": 9,
            "column": 18
          },
          "end": {
            "line": 9,
            "column": 52
          }
        },
        "8": {
          "start": {
            "line": 10,
            "column": 26
          },
          "end": {
            "line": 10,
            "column": 60
          }
        },
        "9": {
          "start": {
            "line": 12,
            "column": 10
          },
          "end": {
            "line": 12,
            "column": 19
          }
        },
        "10": {
          "start": {
            "line": 15,
            "column": 0
          },
          "end": {
            "line": 15,
            "column": 48
          }
        },
        "11": {
          "start": {
            "line": 16,
            "column": 0
          },
          "end": {
            "line": 16,
            "column": 31
          }
        },
        "12": {
          "start": {
            "line": 18,
            "column": 0
          },
          "end": {
            "line": 18,
            "column": 23
          }
        },
        "13": {
          "start": {
            "line": 19,
            "column": 0
          },
          "end": {
            "line": 19,
            "column": 24
          }
        },
        "14": {
          "start": {
            "line": 20,
            "column": 0
          },
          "end": {
            "line": 20,
            "column": 49
          }
        },
        "15": {
          "start": {
            "line": 21,
            "column": 0
          },
          "end": {
            "line": 21,
            "column": 24
          }
        },
        "16": {
          "start": {
            "line": 22,
            "column": 0
          },
          "end": {
            "line": 22,
            "column": 56
          }
        },
        "17": {
          "start": {
            "line": 24,
            "column": 0
          },
          "end": {
            "line": 24,
            "column": 26
          }
        },
        "18": {
          "start": {
            "line": 25,
            "column": 0
          },
          "end": {
            "line": 25,
            "column": 47
          }
        },
        "19": {
          "start": {
            "line": 26,
            "column": 0
          },
          "end": {
            "line": 26,
            "column": 31
          }
        },
        "20": {
          "start": {
            "line": 29,
            "column": 0
          },
          "end": {
            "line": 31,
            "column": 3
          }
        },
        "21": {
          "start": {
            "line": 30,
            "column": 2
          },
          "end": {
            "line": 30,
            "column": 25
          }
        },
        "22": {
          "start": {
            "line": 34,
            "column": 0
          },
          "end": {
            "line": 42,
            "column": 3
          }
        },
        "23": {
          "start": {
            "line": 36,
            "column": 2
          },
          "end": {
            "line": 36,
            "column": 35
          }
        },
        "24": {
          "start": {
            "line": 37,
            "column": 2
          },
          "end": {
            "line": 37,
            "column": 69
          }
        },
        "25": {
          "start": {
            "line": 40,
            "column": 2
          },
          "end": {
            "line": 40,
            "column": 32
          }
        },
        "26": {
          "start": {
            "line": 41,
            "column": 2
          },
          "end": {
            "line": 41,
            "column": 22
          }
        },
        "27": {
          "start": {
            "line": 44,
            "column": 0
          },
          "end": {
            "line": 44,
            "column": 21
          }
        }
      },
      "fnMap": {
        "0": {
          "name": "(anonymous_0)",
          "decl": {
            "start": {
              "line": 29,
              "column": 8
            },
            "end": {
              "line": 29,
              "column": 9
            }
          },
          "loc": {
            "start": {
              "line": 29,
              "column": 33
            },
            "end": {
              "line": 31,
              "column": 1
            }
          },
          "line": 29
        },
        "1": {
          "name": "(anonymous_1)",
          "decl": {
            "start": {
              "line": 34,
              "column": 8
            },
            "end": {
              "line": 34,
              "column": 9
            }
          },
          "loc": {
            "start": {
              "line": 34,
              "column": 38
            },
            "end": {
              "line": 42,
              "column": 1
            }
          },
          "line": 34
        }
      },
      "branchMap": {
        "0": {
          "loc": {
            "start": {
              "line": 37,
              "column": 21
            },
            "end": {
              "line": 37,
              "column": 68
            }
          },
          "type": "cond-expr",
          "locations": [
            {
              "start": {
                "line": 37,
                "column": 60
              },
              "end": {
                "line": 37,
                "column": 63
              }
            },
            {
              "start": {
                "line": 37,
                "column": 66
              },
              "end": {
                "line": 37,
                "column": 68
              }
            }
          ],
          "line": 37
        },
        "1": {
          "loc": {
            "start": {
              "line": 40,
              "column": 13
            },
            "end": {
              "line": 40,
              "column": 30
            }
          },
          "type": "binary-expr",
          "locations": [
            {
              "start": {
                "line": 40,
                "column": 13
              },
              "end": {
                "line": 40,
                "column": 23
              }
            },
            {
              "start": {
                "line": 40,
                "column": 27
              },
              "end": {
                "line": 40,
                "column": 30
              }
            }
          ],
          "line": 40
        }
      },
      "s": {
        "0": 2,
        "1": 2,
        "2": 2,
        "3": 2,
        "4": 2,
        "5": 2,
        "6": 2,
        "7": 2,
        "8": 2,
        "9": 2,
        "10": 2,
        "11": 2,
        "12": 2,
        "13": 2,
        "14": 2,
        "15": 2,
        "16": 2,
        "17": 2,
        "18": 2,
        "19": 2,
        "20": 2,
        "21": 0,
        "22": 2,
        "23": 0,
        "24": 0,
        "25": 0,
        "26": 0,
        "27": 2
      },
      "f": {
        "0": 0,
        "1": 0
      },
      "b": {
        "0": [
          0,
          0
        ],
        "1": [
          0,
          0
        ]
      },
      "_coverageSchema": "43e27e138ebf9cfc5966b082cf9a028302ed4184",
      "hash": "ee6d9c0b9440a339829342d825479d992d9f6877"
    },
    "/home/nodejs/app/routes/index.js": {
      "path": "/home/nodejs/app/routes/index.js",
      "statementMap": {
        "0": {
          "start": {
            "line": 1,
            "column": 14
          },
          "end": {
            "line": 1,
            "column": 32
          }
        },
        "1": {
          "start": {
            "line": 2,
            "column": 13
          },
          "end": {
            "line": 2,
            "column": 29
          }
        },
        "2": {
          "start": {
            "line": 5,
            "column": 0
          },
          "end": {
            "line": 7,
            "column": 3
          }
        },
        "3": {
          "start": {
            "line": 6,
            "column": 2
          },
          "end": {
            "line": 6,
            "column": 44
          }
        },
        "4": {
          "start": {
            "line": 9,
            "column": 0
          },
          "end": {
            "line": 9,
            "column": 24
          }
        }
      },
      "fnMap": {
        "0": {
          "name": "(anonymous_0)",
          "decl": {
            "start": {
              "line": 5,
              "column": 16
            },
            "end": {
              "line": 5,
              "column": 17
            }
          },
          "loc": {
            "start": {
              "line": 5,
              "column": 41
            },
            "end": {
              "line": 7,
              "column": 1
            }
          },
          "line": 5
        }
      },
      "branchMap": {},
      "s": {
        "0": 2,
        "1": 2,
        "2": 2,
        "3": 0,
        "4": 2
      },
      "f": {
        "0": 0
      },
      "b": {},
      "_coverageSchema": "43e27e138ebf9cfc5966b082cf9a028302ed4184",
      "hash": "1539a55962fe226a87a745db0ca8b8a48638fa3e"
    },
    "/home/nodejs/app/routes/exercise/users.js": {
      "path": "/home/nodejs/app/routes/exercise/users.js",
      "statementMap": {
        "0": {
          "start": {
            "line": 1,
            "column": 14
          },
          "end": {
            "line": 1,
            "column": 32
          }
        },
        "1": {
          "start": {
            "line": 2,
            "column": 13
          },
          "end": {
            "line": 2,
            "column": 29
          }
        },
        "2": {
          "start": {
            "line": 5,
            "column": 0
          },
          "end": {
            "line": 7,
            "column": 3
          }
        },
        "3": {
          "start": {
            "line": 6,
            "column": 2
          },
          "end": {
            "line": 6,
            "column": 38
          }
        },
        "4": {
          "start": {
            "line": 10,
            "column": 0
          },
          "end": {
            "line": 12,
            "column": 3
          }
        },
        "5": {
          "start": {
            "line": 11,
            "column": 2
          },
          "end": {
            "line": 11,
            "column": 38
          }
        },
        "6": {
          "start": {
            "line": 14,
            "column": 0
          },
          "end": {
            "line": 14,
            "column": 24
          }
        }
      },
      "fnMap": {
        "0": {
          "name": "(anonymous_0)",
          "decl": {
            "start": {
              "line": 5,
              "column": 16
            },
            "end": {
              "line": 5,
              "column": 17
            }
          },
          "loc": {
            "start": {
              "line": 5,
              "column": 41
            },
            "end": {
              "line": 7,
              "column": 1
            }
          },
          "line": 5
        },
        "1": {
          "name": "(anonymous_1)",
          "decl": {
            "start": {
              "line": 10,
              "column": 26
            },
            "end": {
              "line": 10,
              "column": 27
            }
          },
          "loc": {
            "start": {
              "line": 10,
              "column": 51
            },
            "end": {
              "line": 12,
              "column": 1
            }
          },
          "line": 10
        }
      },
      "branchMap": {},
      "s": {
        "0": 2,
        "1": 2,
        "2": 2,
        "3": 0,
        "4": 2,
        "5": 2,
        "6": 2
      },
      "f": {
        "0": 0,
        "1": 2
      },
      "b": {},
      "_coverageSchema": "43e27e138ebf9cfc5966b082cf9a028302ed4184",
      "hash": "4b467ba4ac2322597de3e182cd55c7c040b3abe5"
    },
    "/home/nodejs/app/routes/solution/users.js": {
      "path": "/home/nodejs/app/routes/solution/users.js",
      "statementMap": {
        "0": {
          "start": {
            "line": 1,
            "column": 14
          },
          "end": {
            "line": 1,
            "column": 32
          }
        },
        "1": {
          "start": {
            "line": 2,
            "column": 13
          },
          "end": {
            "line": 2,
            "column": 29
          }
        },
        "2": {
          "start": {
            "line": 5,
            "column": 0
          },
          "end": {
            "line": 7,
            "column": 3
          }
        },
        "3": {
          "start": {
            "line": 6,
            "column": 2
          },
          "end": {
            "line": 6,
            "column": 38
          }
        },
        "4": {
          "start": {
            "line": 10,
            "column": 0
          },
          "end": {
            "line": 12,
            "column": 3
          }
        },
        "5": {
          "start": {
            "line": 11,
            "column": 2
          },
          "end": {
            "line": 11,
            "column": 38
          }
        },
        "6": {
          "start": {
            "line": 14,
            "column": 0
          },
          "end": {
            "line": 14,
            "column": 24
          }
        }
      },
      "fnMap": {
        "0": {
          "name": "(anonymous_0)",
          "decl": {
            "start": {
              "line": 5,
              "column": 16
            },
            "end": {
              "line": 5,
              "column": 17
            }
          },
          "loc": {
            "start": {
              "line": 5,
              "column": 41
            },
            "end": {
              "line": 7,
              "column": 1
            }
          },
          "line": 5
        },
        "1": {
          "name": "(anonymous_1)",
          "decl": {
            "start": {
              "line": 10,
              "column": 26
            },
            "end": {
              "line": 10,
              "column": 27
            }
          },
          "loc": {
            "start": {
              "line": 10,
              "column": 51
            },
            "end": {
              "line": 12,
              "column": 1
            }
          },
          "line": 10
        }
      },
      "branchMap": {},
      "s": {
        "0": 2,
        "1": 2,
        "2": 2,
        "3": 0,
        "4": 2,
        "5": 0,
        "6": 2
      },
      "f": {
        "0": 0,
        "1": 0
      },
      "b": {},
      "_coverageSchema": "43e27e138ebf9cfc5966b082cf9a028302ed4184",
      "hash": "8f3250aeba6586e8741a00b449ea64cd344a25ca"
    }
  }
}